<?xml version="1.0" encoding="UTF-8" ?>
<testsuite errors="0" failures="0" hostname="Yves-PC" name="TestTry.ConnectSqlTest" tests="30" time="1.468" timestamp="2011-05-11T16:45:46">
  <properties>
[...]
</properties>
  <testcase classname="TestTry.ConnectSqlTest" name="testOpenConnection" time="0.526" />
  <testcase classname="TestTry.ConnectSqlTest" name="testCloseConnection" time="0.0" />
  <testcase classname="TestTry.ConnectSqlTest" name="testUpdateUserInfo" time="0.0" />
  <testcase classname="TestTry.ConnectSqlTest" name="testSelectInfo" time="0.054" />
  <testcase classname="TestTry.ConnectSqlTest" name="testSelectRecord" time="0.029" />
  <testcase classname="TestTry.ConnectSqlTest" name="testSelectEquipmentString" time="0.04" />
  <testcase classname="TestTry.ConnectSqlTest" name="testSubstractEquipStringStringStringIntInt" time="0.0" />
  <testcase classname="TestTry.ConnectSqlTest" name="testModifyInfo" time="0.0" />
  <testcase classname="TestTry.ConnectSqlTest" name="testSelectMID" time="0.034" />
  <testcase classname="TestTry.ConnectSqlTest" name="testSelectSID" time="0.032" />
  <testcase classname="TestTry.ConnectSqlTest" name="testSelectid" time="0.028" />
  <testcase classname="TestTry.ConnectSqlTest" name="testSelectAll" time="0.0010" />
  <testcase classname="TestTry.ConnectSqlTest" name="testAddEquipment" time="0.0" />
  <testcase classname="TestTry.ConnectSqlTest" name="testInsertTemp" time="0.0010" />
  <testcase classname="TestTry.ConnectSqlTest" name="testTruncateTemp" time="0.0" />
  <testcase classname="TestTry.ConnectSqlTest" name="testSelectEquipmentStringString" time="0.0010" />
  <testcase classname="TestTry.ConnectSqlTest" name="testShowEquipment" time="0.0" />
  <testcase classname="TestTry.ConnectSqlTest" name="testShowEquipmentTemp" time="0.0010" />
  <testcase classname="TestTry.ConnectSqlTest" name="testSelectCredit" time="0.013" />
  <testcase classname="TestTry.ConnectSqlTest" name="testSelectRecord2" time="0.0010" />
  <testcase classname="TestTry.ConnectSqlTest" name="testReturn" time="0.0" />
  <testcase classname="TestTry.ConnectSqlTest" name="testSelectEquipment1" time="0.021" />
  <testcase classname="TestTry.ConnectSqlTest" name="testSelectDepartment" time="0.012" />
  <testcase classname="TestTry.ConnectSqlTest" name="testSubstractEquipStringStringStringInt" time="0.0010" />
  <testcase classname="TestTry.ConnectSqlTest" name="testModifyAmount" time="0.0" />
  <testcase classname="TestTry.ConnectSqlTest" name="testModifyInfo2" time="0.0" />
  <testcase classname="TestTry.ConnectSqlTest" name="testDeleteEquipment" time="0.0010" />
  <testcase classname="TestTry.ConnectSqlTest" name="testSelectDeleteInfo" time="0.0" />
  <testcase classname="TestTry.ConnectSqlTest" name="testDeleteBookingInfo" time="0.0010" />
  <testcase classname="TestTry.ConnectSqlTest" name="testJudgeExist" time="0.012" />
  <system-out><![CDATA[]]></system-out>
  <system-err><![CDATA[]]></system-err>
</testsuite>
